<?xml version="1.0" encoding="UTF-8"?>
<testng-results ignored="0" total="3" passed="3" failed="0" skipped="0">
  <reporter-output>
  </reporter-output>
  <suite started-at="2022-05-16T21:12:27 IST" name="Default suite" finished-at="2022-05-16T21:12:28 IST" duration-ms="563">
    <groups>
    </groups>
    <test started-at="2022-05-16T21:12:27 IST" name="Default test" finished-at="2022-05-16T21:12:28 IST" duration-ms="563">
      <class name="ExcelDataDriver_1">
        <test-method signature="test(java.lang.String,java.lang.String,java.lang.String)[pri:0, instance:ExcelDataDriver_1@6d3a388c]" started-at="2022-05-16T21:12:28 IST" name="test" data-provider="ExcelData" finished-at="2022-05-16T21:12:28 IST" duration-ms="4" status="PASS">
          <params>
            <param index="0">
              <value>
                <![CDATA[Hello]]>
              </value>
            </param>
            <param index="1">
              <value>
                <![CDATA[Text ]]>
              </value>
            </param>
            <param index="2">
              <value>
                <![CDATA[1]]>
              </value>
            </param>
          </params>
          <reporter-output>
          </reporter-output>
        </test-method> <!-- test -->
        <test-method signature="test(java.lang.String,java.lang.String,java.lang.String)[pri:0, instance:ExcelDataDriver_1@6d3a388c]" started-at="2022-05-16T21:12:28 IST" name="test" data-provider="ExcelData" finished-at="2022-05-16T21:12:28 IST" duration-ms="0" status="PASS">
          <params>
            <param index="0">
              <value>
                <![CDATA[Bye]]>
              </value>
            </param>
            <param index="1">
              <value>
                <![CDATA[msg]]>
              </value>
            </param>
            <param index="2">
              <value>
                <![CDATA[143]]>
              </value>
            </param>
          </params>
          <reporter-output>
          </reporter-output>
        </test-method> <!-- test -->
        <test-method signature="test(java.lang.String,java.lang.String,java.lang.String)[pri:0, instance:ExcelDataDriver_1@6d3a388c]" started-at="2022-05-16T21:12:28 IST" name="test" data-provider="ExcelData" finished-at="2022-05-16T21:12:28 IST" duration-ms="0" status="PASS">
          <params>
            <param index="0">
              <value>
                <![CDATA[solo]]>
              </value>
            </param>
            <param index="1">
              <value>
                <![CDATA[call ]]>
              </value>
            </param>
            <param index="2">
              <value>
                <![CDATA[313]]>
              </value>
            </param>
          </params>
          <reporter-output>
          </reporter-output>
        </test-method> <!-- test -->
      </class> <!-- ExcelDataDriver_1 -->
    </test> <!-- Default test -->
  </suite> <!-- Default suite -->
</testng-results>
